build/app/intermediates/manifest_merge_blame_file/release/manifest-merger-blame-release-report.txt
1<?xml version="1.0" encoding="utf-8"?>
2<manifest xmlns:android="http://schemas.android.com/apk/res/android"
3    package="com.example.bitcode_student_app"
4    android:versionCode="1"
5    android:versionName="1.0.0" >
6
7    <uses-sdk
8        android:minSdkVersion="19"
8-->src\main\AndroidManifest.xml
9        android:targetSdkVersion="33" />
9-->src\main\AndroidManifest.xml
10
11    <uses-permission android:name="android.permission.ACCESS_NETWORK_STATE" />
11-->[:connectivity_plus] AndroidManifest.xml:9:5-79
11-->[:connectivity_plus] AndroidManifest.xml:9:22-76
12
13    <permission
13-->[androidx.core:core:1.10.1] AndroidManifest.xml:22:5-24:47
14        android:name="com.example.bitcode_student_app.DYNAMIC_RECEIVER_NOT_EXPORTED_PERMISSION"
14-->[androidx.core:core:1.10.1] AndroidManifest.xml:23:9-81
15        android:protectionLevel="signature" />
15-->[androidx.core:core:1.10.1] AndroidManifest.xml:24:9-44
16
17    <uses-permission android:name="com.example.bitcode_student_app.DYNAMIC_RECEIVER_NOT_EXPORTED_PERMISSION" />
17-->[androidx.core:core:1.10.1] AndroidManifest.xml:26:5-97
17-->[androidx.core:core:1.10.1] AndroidManifest.xml:26:22-94
18
19    <application
20        android:name="android.app.Application"
20-->src\main\AndroidManifest.xml:5:9-42
21        android:appComponentFactory="androidx.core.app.CoreComponentFactory"
21-->[androidx.core:core:1.10.1] AndroidManifest.xml:28:18-86
22        android:icon="@mipmap/ic_launcher"
22-->src\main\AndroidManifest.xml:6:9-43
23        android:label="Student Management Portal" >
23-->src\main\AndroidManifest.xml:4:9-50
24        <activity
24-->src\main\AndroidManifest.xml:7:9-35:20
25            android:name="com.example.bitcode_student_app.MainActivity"
25-->src\main\AndroidManifest.xml:8:13-41
26            android:configChanges="orientation|keyboardHidden|keyboard|screenSize|smallestScreenSize|locale|layoutDirection|fontScale|screenLayout|density|uiMode"
26-->src\main\AndroidManifest.xml:12:13-163
27            android:exported="true"
27-->src\main\AndroidManifest.xml:9:13-36
28            android:hardwareAccelerated="true"
28-->src\main\AndroidManifest.xml:13:13-47
29            android:launchMode="singleTop"
29-->src\main\AndroidManifest.xml:10:13-43
30            android:theme="@style/LaunchTheme"
30-->src\main\AndroidManifest.xml:11:13-47
31            android:windowSoftInputMode="adjustResize" >
31-->src\main\AndroidManifest.xml:14:13-55
32            <intent-filter>
32-->src\main\AndroidManifest.xml:16:13-22:29
33                <action android:name="android.intent.action.VIEW" />
33-->src\main\AndroidManifest.xml:17:17-69
33-->src\main\AndroidManifest.xml:17:25-66
34
35                <category android:name="android.intent.category.DEFAULT" />
35-->src\main\AndroidManifest.xml:18:17-76
35-->src\main\AndroidManifest.xml:18:27-73
36                <category android:name="android.intent.category.BROWSABLE" />
36-->src\main\AndroidManifest.xml:19:17-78
36-->src\main\AndroidManifest.xml:19:27-75
37
38                <data android:scheme="http" />
38-->src\main\AndroidManifest.xml:20:17-47
38-->src\main\AndroidManifest.xml:20:23-44
39                <data android:scheme="https" />
39-->src\main\AndroidManifest.xml:20:17-47
39-->src\main\AndroidManifest.xml:20:23-44
40            </intent-filter>
41            <!--
42                 Specifies an Android theme to apply to this Activity as soon as
43                 the Android process has started. This theme is visible to the user
44                 while the Flutter UI initializes. After that, this theme continues
45                 to determine the Window background behind the Flutter UI.
46            -->
47            <meta-data
47-->src\main\AndroidManifest.xml:27:13-30:17
48                android:name="io.flutter.embedding.android.NormalTheme"
48-->src\main\AndroidManifest.xml:28:15-70
49                android:resource="@style/NormalTheme" />
49-->src\main\AndroidManifest.xml:29:15-52
50
51            <intent-filter>
51-->src\main\AndroidManifest.xml:31:13-34:29
52                <action android:name="android.intent.action.MAIN" />
52-->src\main\AndroidManifest.xml:32:17-68
52-->src\main\AndroidManifest.xml:32:25-66
53
54                <category android:name="android.intent.category.LAUNCHER" />
54-->src\main\AndroidManifest.xml:33:17-76
54-->src\main\AndroidManifest.xml:33:27-74
55            </intent-filter>
56        </activity>
57        <!--
58             Don't delete the meta-data below.
59             This is used by the Flutter tool to generate GeneratedPluginRegistrant.java
60        -->
61        <meta-data
61-->src\main\AndroidManifest.xml:38:9-40:33
62            android:name="flutterEmbedding"
62-->src\main\AndroidManifest.xml:39:13-44
63            android:value="2" />
63-->src\main\AndroidManifest.xml:40:13-30
64
65        <activity
65-->[:url_launcher_android] AndroidManifest.xml:10:9-13:74
66            android:name="io.flutter.plugins.urllauncher.WebViewActivity"
66-->[:url_launcher_android] AndroidManifest.xml:11:13-74
67            android:exported="false"
67-->[:url_launcher_android] AndroidManifest.xml:12:13-37
68            android:theme="@android:style/Theme.NoTitleBar.Fullscreen" />
68-->[:url_launcher_android] AndroidManifest.xml:13:13-71
69
70        <uses-library
70-->[androidx.window:window:1.0.0-beta04] AndroidManifest.xml:25:9-27:40
71            android:name="androidx.window.extensions"
71-->[androidx.window:window:1.0.0-beta04] AndroidManifest.xml:26:13-54
72            android:required="false" />
72-->[androidx.window:window:1.0.0-beta04] AndroidManifest.xml:27:13-37
73        <uses-library
73-->[androidx.window:window:1.0.0-beta04] AndroidManifest.xml:28:9-30:40
74            android:name="androidx.window.sidecar"
74-->[androidx.window:window:1.0.0-beta04] AndroidManifest.xml:29:13-51
75            android:required="false" />
75-->[androidx.window:window:1.0.0-beta04] AndroidManifest.xml:30:13-37
76    </application>
77
78</manifest>